{"C:\\Users\\User\\Desktop\\MERN_STACK\\Bug Tracker App\\server\\src\\debug.js": {"path":"C:\\Users\\User\\Desktop\\MERN_STACK\\Bug Tracker App\\server\\src\\debug.js","statementMap":{"0":{"start":{"line":1,"column":0},"end":{"line":1,"column":43}},"1":{"start":{"line":4,"column":0},"end":{"line":4,"column":41}},"2":{"start":{"line":7,"column":0},"end":{"line":7,"column":35}},"3":{"start":{"line":10,"column":0},"end":{"line":17,"column":1}},"4":{"start":{"line":11,"column":2},"end":{"line":11,"column":39}},"5":{"start":{"line":12,"column":18},"end":{"line":12,"column":36}},"6":{"start":{"line":13,"column":2},"end":{"line":13,"column":47}},"7":{"start":{"line":15,"column":2},"end":{"line":15,"column":53}},"8":{"start":{"line":16,"column":2},"end":{"line":16,"column":18}},"9":{"start":{"line":19,"column":0},"end":{"line":26,"column":1}},"10":{"start":{"line":20,"column":2},"end":{"line":20,"column":36}},"11":{"start":{"line":21,"column":15},"end":{"line":21,"column":30}},"12":{"start":{"line":22,"column":2},"end":{"line":22,"column":44}},"13":{"start":{"line":24,"column":2},"end":{"line":24,"column":50}},"14":{"start":{"line":25,"column":2},"end":{"line":25,"column":18}},"15":{"start":{"line":28,"column":0},"end":{"line":35,"column":1}},"16":{"start":{"line":29,"column":2},"end":{"line":29,"column":38}},"17":{"start":{"line":30,"column":17},"end":{"line":30,"column":34}},"18":{"start":{"line":31,"column":2},"end":{"line":31,"column":46}},"19":{"start":{"line":33,"column":2},"end":{"line":33,"column":52}},"20":{"start":{"line":34,"column":2},"end":{"line":34,"column":18}},"21":{"start":{"line":37,"column":0},"end":{"line":44,"column":1}},"22":{"start":{"line":38,"column":2},"end":{"line":38,"column":38}},"23":{"start":{"line":39,"column":17},"end":{"line":39,"column":34}},"24":{"start":{"line":40,"column":2},"end":{"line":40,"column":46}},"25":{"start":{"line":42,"column":2},"end":{"line":42,"column":52}},"26":{"start":{"line":43,"column":2},"end":{"line":43,"column":18}},"27":{"start":{"line":47,"column":0},"end":{"line":47,"column":45}},"28":{"start":{"line":48,"column":12},"end":{"line":48,"column":32}},"29":{"start":{"line":49,"column":13},"end":{"line":49,"column":17}},"30":{"start":{"line":51,"column":0},"end":{"line":53,"column":3}},"31":{"start":{"line":52,"column":2},"end":{"line":52,"column":49}},"32":{"start":{"line":55,"column":0},"end":{"line":55,"column":37}},"33":{"start":{"line":56,"column":15},"end":{"line":60,"column":2}},"34":{"start":{"line":57,"column":2},"end":{"line":57,"column":42}},"35":{"start":{"line":58,"column":2},"end":{"line":58,"column":45}},"36":{"start":{"line":59,"column":2},"end":{"line":59,"column":64}},"37":{"start":{"line":63,"column":18},"end":{"line":65,"column":9}},"38":{"start":{"line":64,"column":2},"end":{"line":64,"column":64}},"39":{"start":{"line":68,"column":0},"end":{"line":73,"column":3}},"40":{"start":{"line":69,"column":2},"end":{"line":69,"column":50}},"41":{"start":{"line":70,"column":2},"end":{"line":70,"column":27}},"42":{"start":{"line":71,"column":2},"end":{"line":71,"column":17}},"43":{"start":{"line":72,"column":2},"end":{"line":72,"column":18}},"44":{"start":{"line":75,"column":0},"end":{"line":75,"column":47}}},"fnMap":{"0":{"name":"(anonymous_0)","decl":{"start":{"line":51,"column":13},"end":{"line":51,"column":14}},"loc":{"start":{"line":51,"column":27},"end":{"line":53,"column":1}},"line":51},"1":{"name":"(anonymous_1)","decl":{"start":{"line":56,"column":32},"end":{"line":56,"column":33}},"loc":{"start":{"line":56,"column":38},"end":{"line":60,"column":1}},"line":56},"2":{"name":"(anonymous_2)","decl":{"start":{"line":63,"column":30},"end":{"line":63,"column":31}},"loc":{"start":{"line":63,"column":36},"end":{"line":65,"column":1}},"line":63},"3":{"name":"(anonymous_3)","decl":{"start":{"line":68,"column":21},"end":{"line":68,"column":22}},"loc":{"start":{"line":68,"column":27},"end":{"line":73,"column":1}},"line":68}},"branchMap":{},"s":{"0":0,"1":0,"2":0,"3":0,"4":0,"5":0,"6":0,"7":0,"8":0,"9":0,"10":0,"11":0,"12":0,"13":0,"14":0,"15":0,"16":0,"17":0,"18":0,"19":0,"20":0,"21":0,"22":0,"23":0,"24":0,"25":0,"26":0,"27":0,"28":0,"29":0,"30":0,"31":0,"32":0,"33":0,"34":0,"35":0,"36":0,"37":0,"38":0,"39":0,"40":0,"41":0,"42":0,"43":0,"44":0},"f":{"0":0,"1":0,"2":0,"3":0},"b":{}}
,"C:\\Users\\User\\Desktop\\MERN_STACK\\Bug Tracker App\\server\\src\\index.js": {"path":"C:\\Users\\User\\Desktop\\MERN_STACK\\Bug Tracker App\\server\\src\\index.js","statementMap":{"0":{"start":{"line":1,"column":0},"end":{"line":1,"column":27}},"1":{"start":{"line":2,"column":16},"end":{"line":2,"column":34}},"2":{"start":{"line":3,"column":13},"end":{"line":3,"column":28}},"3":{"start":{"line":4,"column":15},"end":{"line":4,"column":32}},"4":{"start":{"line":5,"column":15},"end":{"line":5,"column":32}},"5":{"start":{"line":7,"column":12},"end":{"line":7,"column":21}},"6":{"start":{"line":8,"column":13},"end":{"line":8,"column":37}},"7":{"start":{"line":11,"column":0},"end":{"line":14,"column":4}},"8":{"start":{"line":15,"column":0},"end":{"line":15,"column":18}},"9":{"start":{"line":16,"column":0},"end":{"line":16,"column":23}},"10":{"start":{"line":17,"column":0},"end":{"line":17,"column":24}},"11":{"start":{"line":19,"column":0},"end":{"line":19,"column":39}},"12":{"start":{"line":22,"column":0},"end":{"line":22,"column":45}},"13":{"start":{"line":24,"column":0},"end":{"line":50,"column":1}},"14":{"start":{"line":25,"column":2},"end":{"line":25,"column":45}},"15":{"start":{"line":26,"column":21},"end":{"line":26,"column":45}},"16":{"start":{"line":27,"column":2},"end":{"line":27,"column":51}},"17":{"start":{"line":28,"column":2},"end":{"line":28,"column":57}},"18":{"start":{"line":29,"column":2},"end":{"line":29,"column":76}},"19":{"start":{"line":30,"column":2},"end":{"line":30,"column":80}},"20":{"start":{"line":31,"column":2},"end":{"line":31,"column":63}},"21":{"start":{"line":33,"column":2},"end":{"line":33,"column":44}},"22":{"start":{"line":34,"column":20},"end":{"line":34,"column":44}},"23":{"start":{"line":35,"column":2},"end":{"line":35,"column":50}},"24":{"start":{"line":36,"column":2},"end":{"line":36,"column":55}},"25":{"start":{"line":37,"column":2},"end":{"line":37,"column":74}},"26":{"start":{"line":38,"column":2},"end":{"line":38,"column":78}},"27":{"start":{"line":39,"column":2},"end":{"line":39,"column":61}},"28":{"start":{"line":42,"column":2},"end":{"line":42,"column":39}},"29":{"start":{"line":43,"column":2},"end":{"line":43,"column":35}},"30":{"start":{"line":44,"column":2},"end":{"line":44,"column":34}},"31":{"start":{"line":46,"column":2},"end":{"line":46,"column":51}},"32":{"start":{"line":48,"column":2},"end":{"line":48,"column":50}},"33":{"start":{"line":49,"column":2},"end":{"line":49,"column":18}},"34":{"start":{"line":59,"column":0},"end":{"line":76,"column":3}},"35":{"start":{"line":60,"column":2},"end":{"line":75,"column":5}},"36":{"start":{"line":78,"column":0},"end":{"line":84,"column":3}},"37":{"start":{"line":79,"column":2},"end":{"line":83,"column":5}},"38":{"start":{"line":87,"column":0},"end":{"line":93,"column":3}},"39":{"start":{"line":88,"column":2},"end":{"line":92,"column":5}},"40":{"start":{"line":96,"column":0},"end":{"line":102,"column":3}},"41":{"start":{"line":97,"column":2},"end":{"line":97,"column":51}},"42":{"start":{"line":98,"column":2},"end":{"line":98,"column":34}},"43":{"start":{"line":99,"column":2},"end":{"line":99,"column":45}},"44":{"start":{"line":100,"column":2},"end":{"line":100,"column":69}},"45":{"start":{"line":101,"column":2},"end":{"line":101,"column":42}}},"fnMap":{"0":{"name":"(anonymous_0)","decl":{"start":{"line":59,"column":13},"end":{"line":59,"column":14}},"loc":{"start":{"line":59,"column":27},"end":{"line":76,"column":1}},"line":59},"1":{"name":"(anonymous_1)","decl":{"start":{"line":78,"column":23},"end":{"line":78,"column":24}},"loc":{"start":{"line":78,"column":37},"end":{"line":84,"column":1}},"line":78},"2":{"name":"(anonymous_2)","decl":{"start":{"line":87,"column":13},"end":{"line":87,"column":14}},"loc":{"start":{"line":87,"column":27},"end":{"line":93,"column":1}},"line":87},"3":{"name":"(anonymous_3)","decl":{"start":{"line":96,"column":17},"end":{"line":96,"column":18}},"loc":{"start":{"line":96,"column":23},"end":{"line":102,"column":1}},"line":96}},"branchMap":{"0":{"loc":{"start":{"line":8,"column":13},"end":{"line":8,"column":37}},"type":"binary-expr","locations":[{"start":{"line":8,"column":13},"end":{"line":8,"column":29}},{"start":{"line":8,"column":33},"end":{"line":8,"column":37}}],"line":8}},"s":{"0":0,"1":0,"2":0,"3":0,"4":0,"5":0,"6":0,"7":0,"8":0,"9":0,"10":0,"11":0,"12":0,"13":0,"14":0,"15":0,"16":0,"17":0,"18":0,"19":0,"20":0,"21":0,"22":0,"23":0,"24":0,"25":0,"26":0,"27":0,"28":0,"29":0,"30":0,"31":0,"32":0,"33":0,"34":0,"35":0,"36":0,"37":0,"38":0,"39":0,"40":0,"41":0,"42":0,"43":0,"44":0,"45":0},"f":{"0":0,"1":0,"2":0,"3":0},"b":{"0":[0,0]}}
,"C:\\Users\\User\\Desktop\\MERN_STACK\\Bug Tracker App\\server\\src\\config\\database.js": {"path":"C:\\Users\\User\\Desktop\\MERN_STACK\\Bug Tracker App\\server\\src\\config\\database.js","statementMap":{"0":{"start":{"line":1,"column":17},"end":{"line":1,"column":36}},"1":{"start":{"line":3,"column":18},"end":{"line":34,"column":1}},"2":{"start":{"line":4,"column":2},"end":{"line":33,"column":3}},"3":{"start":{"line":5,"column":4},"end":{"line":5,"column":53}},"4":{"start":{"line":8,"column":24},"end":{"line":10,"column":17}},"5":{"start":{"line":11,"column":4},"end":{"line":11,"column":47}},"6":{"start":{"line":13,"column":17},"end":{"line":19,"column":6}},"7":{"start":{"line":21,"column":4},"end":{"line":21,"column":70}},"8":{"start":{"line":22,"column":4},"end":{"line":22,"column":56}},"9":{"start":{"line":24,"column":4},"end":{"line":24,"column":16}},"10":{"start":{"line":26,"column":4},"end":{"line":26,"column":64}},"11":{"start":{"line":27,"column":4},"end":{"line":27,"column":44}},"12":{"start":{"line":28,"column":4},"end":{"line":28,"column":56}},"13":{"start":{"line":29,"column":4},"end":{"line":29,"column":73}},"14":{"start":{"line":30,"column":4},"end":{"line":30,"column":57}},"15":{"start":{"line":31,"column":4},"end":{"line":31,"column":51}},"16":{"start":{"line":32,"column":4},"end":{"line":32,"column":20}},"17":{"start":{"line":36,"column":0},"end":{"line":36,"column":27}}},"fnMap":{"0":{"name":"(anonymous_0)","decl":{"start":{"line":3,"column":18},"end":{"line":3,"column":19}},"loc":{"start":{"line":3,"column":30},"end":{"line":34,"column":1}},"line":3}},"branchMap":{"0":{"loc":{"start":{"line":8,"column":24},"end":{"line":10,"column":17}},"type":"cond-expr","locations":[{"start":{"line":9,"column":6},"end":{"line":9,"column":102}},{"start":{"line":10,"column":6},"end":{"line":10,"column":17}}],"line":8}},"s":{"0":1,"1":1,"2":0,"3":0,"4":0,"5":0,"6":0,"7":0,"8":0,"9":0,"10":0,"11":0,"12":0,"13":0,"14":0,"15":0,"16":0,"17":1},"f":{"0":0},"b":{"0":[0,0]},"_coverageSchema":"1a1c01bbd47fc00a2c39e90264f33305004495a9","hash":"b8df29a58626e4789c253755dd06b456a720b09c"}
,"C:\\Users\\User\\Desktop\\MERN_STACK\\Bug Tracker App\\server\\src\\controllers\\bugController.js": {"path":"C:\\Users\\User\\Desktop\\MERN_STACK\\Bug Tracker App\\server\\src\\controllers\\bugController.js","statementMap":{"0":{"start":{"line":1,"column":22},"end":{"line":1,"column":71}},"1":{"start":{"line":2,"column":12},"end":{"line":2,"column":46}},"2":{"start":{"line":5,"column":0},"end":{"line":5,"column":37}},"3":{"start":{"line":7,"column":0},"end":{"line":74,"column":3}},"4":{"start":{"line":10,"column":2},"end":{"line":20,"column":5}},"5":{"start":{"line":11,"column":4},"end":{"line":15,"column":6}},"6":{"start":{"line":16,"column":4},"end":{"line":19,"column":6}},"7":{"start":{"line":22,"column":2},"end":{"line":43,"column":5}},"8":{"start":{"line":23,"column":4},"end":{"line":42,"column":7}},"9":{"start":{"line":24,"column":23},"end":{"line":24,"column":46}},"10":{"start":{"line":25,"column":6},"end":{"line":30,"column":9}},"11":{"start":{"line":31,"column":6},"end":{"line":31,"column":46}},"12":{"start":{"line":33,"column":6},"end":{"line":33,"column":45}},"13":{"start":{"line":35,"column":6},"end":{"line":35,"column":52}},"14":{"start":{"line":37,"column":6},"end":{"line":41,"column":9}},"15":{"start":{"line":45,"column":2},"end":{"line":73,"column":5}},"16":{"start":{"line":46,"column":4},"end":{"line":60,"column":7}},"17":{"start":{"line":47,"column":22},"end":{"line":47,"column":55}},"18":{"start":{"line":48,"column":6},"end":{"line":50,"column":9}},"19":{"start":{"line":52,"column":6},"end":{"line":52,"column":32}},"20":{"start":{"line":54,"column":6},"end":{"line":54,"column":55}},"21":{"start":{"line":56,"column":6},"end":{"line":59,"column":9}},"22":{"start":{"line":62,"column":4},"end":{"line":72,"column":7}},"23":{"start":{"line":63,"column":6},"end":{"line":65,"column":9}},"24":{"start":{"line":67,"column":6},"end":{"line":67,"column":36}},"25":{"start":{"line":69,"column":6},"end":{"line":69,"column":55}},"26":{"start":{"line":71,"column":6},"end":{"line":71,"column":55}}},"fnMap":{"0":{"name":"(anonymous_0)","decl":{"start":{"line":7,"column":27},"end":{"line":7,"column":28}},"loc":{"start":{"line":7,"column":33},"end":{"line":74,"column":1}},"line":7},"1":{"name":"(anonymous_1)","decl":{"start":{"line":10,"column":13},"end":{"line":10,"column":14}},"loc":{"start":{"line":10,"column":19},"end":{"line":20,"column":3}},"line":10},"2":{"name":"(anonymous_2)","decl":{"start":{"line":22,"column":22},"end":{"line":22,"column":23}},"loc":{"start":{"line":22,"column":28},"end":{"line":43,"column":3}},"line":22},"3":{"name":"(anonymous_3)","decl":{"start":{"line":23,"column":49},"end":{"line":23,"column":50}},"loc":{"start":{"line":23,"column":61},"end":{"line":42,"column":5}},"line":23},"4":{"name":"(anonymous_4)","decl":{"start":{"line":45,"column":25},"end":{"line":45,"column":26}},"loc":{"start":{"line":45,"column":31},"end":{"line":73,"column":3}},"line":45},"5":{"name":"(anonymous_5)","decl":{"start":{"line":46,"column":39},"end":{"line":46,"column":40}},"loc":{"start":{"line":46,"column":51},"end":{"line":60,"column":5}},"line":46},"6":{"name":"(anonymous_6)","decl":{"start":{"line":62,"column":47},"end":{"line":62,"column":48}},"loc":{"start":{"line":62,"column":59},"end":{"line":72,"column":5}},"line":62}},"branchMap":{},"s":{"0":0,"1":0,"2":0,"3":0,"4":0,"5":0,"6":0,"7":0,"8":0,"9":0,"10":0,"11":0,"12":0,"13":0,"14":0,"15":0,"16":0,"17":0,"18":0,"19":0,"20":0,"21":0,"22":0,"23":0,"24":0,"25":0,"26":0},"f":{"0":0,"1":0,"2":0,"3":0,"4":0,"5":0,"6":0},"b":{}}
,"C:\\Users\\User\\Desktop\\MERN_STACK\\Bug Tracker App\\server\\src\\middleware\\auth.js": {"path":"C:\\Users\\User\\Desktop\\MERN_STACK\\Bug Tracker App\\server\\src\\middleware\\auth.js","statementMap":{},"fnMap":{},"branchMap":{},"s":{},"f":{},"b":{},"_coverageSchema":"1a1c01bbd47fc00a2c39e90264f33305004495a9","hash":"0a8b1c159697eb36057a3cee813b094f217f327a"}
,"C:\\Users\\User\\Desktop\\MERN_STACK\\Bug Tracker App\\server\\src\\models\\Bug.js": {"path":"C:\\Users\\User\\Desktop\\MERN_STACK\\Bug Tracker App\\server\\src\\models\\Bug.js","statementMap":{"0":{"start":{"line":1,"column":17},"end":{"line":1,"column":36}},"1":{"start":{"line":3,"column":18},"end":{"line":26,"column":2}},"2":{"start":{"line":28,"column":0},"end":{"line":28,"column":50}}},"fnMap":{},"branchMap":{},"s":{"0":1,"1":1,"2":1},"f":{},"b":{},"_coverageSchema":"1a1c01bbd47fc00a2c39e90264f33305004495a9","hash":"a286fce3e5ff5c40fb0bd14c631f42cc4b7a50f7"}
,"C:\\Users\\User\\Desktop\\MERN_STACK\\Bug Tracker App\\server\\src\\models\\User.js": {"path":"C:\\Users\\User\\Desktop\\MERN_STACK\\Bug Tracker App\\server\\src\\models\\User.js","statementMap":{"0":{"start":{"line":1,"column":17},"end":{"line":1,"column":36}},"1":{"start":{"line":2,"column":15},"end":{"line":2,"column":34}},"2":{"start":{"line":4,"column":19},"end":{"line":43,"column":2}},"3":{"start":{"line":46,"column":0},"end":{"line":56,"column":3}},"4":{"start":{"line":47,"column":2},"end":{"line":47,"column":50}},"5":{"start":{"line":47,"column":36},"end":{"line":47,"column":50}},"6":{"start":{"line":49,"column":2},"end":{"line":55,"column":3}},"7":{"start":{"line":50,"column":17},"end":{"line":50,"column":41}},"8":{"start":{"line":51,"column":4},"end":{"line":51,"column":59}},"9":{"start":{"line":52,"column":4},"end":{"line":52,"column":11}},"10":{"start":{"line":54,"column":4},"end":{"line":54,"column":16}},"11":{"start":{"line":59,"column":0},"end":{"line":61,"column":2}},"12":{"start":{"line":60,"column":2},"end":{"line":60,"column":64}},"13":{"start":{"line":64,"column":0},"end":{"line":76,"column":2}},"14":{"start":{"line":65,"column":14},"end":{"line":65,"column":37}},"15":{"start":{"line":66,"column":2},"end":{"line":75,"column":4}},"16":{"start":{"line":79,"column":0},"end":{"line":83,"column":2}},"17":{"start":{"line":80,"column":15},"end":{"line":80,"column":30}},"18":{"start":{"line":81,"column":2},"end":{"line":81,"column":23}},"19":{"start":{"line":82,"column":2},"end":{"line":82,"column":14}},"20":{"start":{"line":85,"column":0},"end":{"line":85,"column":52}}},"fnMap":{"0":{"name":"(anonymous_0)","decl":{"start":{"line":46,"column":23},"end":{"line":46,"column":24}},"loc":{"start":{"line":46,"column":44},"end":{"line":56,"column":1}},"line":46},"1":{"name":"(anonymous_1)","decl":{"start":{"line":59,"column":37},"end":{"line":59,"column":38}},"loc":{"start":{"line":59,"column":71},"end":{"line":61,"column":1}},"line":59},"2":{"name":"(anonymous_2)","decl":{"start":{"line":64,"column":39},"end":{"line":64,"column":40}},"loc":{"start":{"line":64,"column":50},"end":{"line":76,"column":1}},"line":64},"3":{"name":"(anonymous_3)","decl":{"start":{"line":79,"column":28},"end":{"line":79,"column":29}},"loc":{"start":{"line":79,"column":39},"end":{"line":83,"column":1}},"line":79}},"branchMap":{"0":{"loc":{"start":{"line":47,"column":2},"end":{"line":47,"column":50}},"type":"if","locations":[{"start":{"line":47,"column":2},"end":{"line":47,"column":50}},{"start":{},"end":{}}],"line":47}},"s":{"0":1,"1":1,"2":1,"3":1,"4":0,"5":0,"6":0,"7":0,"8":0,"9":0,"10":0,"11":1,"12":0,"13":1,"14":0,"15":0,"16":1,"17":0,"18":0,"19":0,"20":1},"f":{"0":0,"1":0,"2":0,"3":0},"b":{"0":[0,0]},"_coverageSchema":"1a1c01bbd47fc00a2c39e90264f33305004495a9","hash":"54adbc5be453d7fb8fe1523f59baa4f61e99bffd"}
,"C:\\Users\\User\\Desktop\\MERN_STACK\\Bug Tracker App\\server\\src\\routes\\auth.js": {"path":"C:\\Users\\User\\Desktop\\MERN_STACK\\Bug Tracker App\\server\\src\\routes\\auth.js","statementMap":{"0":{"start":{"line":1,"column":16},"end":{"line":1,"column":34}},"1":{"start":{"line":2,"column":15},"end":{"line":2,"column":31}},"2":{"start":{"line":4,"column":0},"end":{"line":4,"column":46}},"3":{"start":{"line":7,"column":14},"end":{"line":7,"column":16}},"4":{"start":{"line":10,"column":0},"end":{"line":16,"column":3}},"5":{"start":{"line":11,"column":2},"end":{"line":11,"column":45}},"6":{"start":{"line":12,"column":2},"end":{"line":15,"column":5}},"7":{"start":{"line":19,"column":0},"end":{"line":68,"column":3}},"8":{"start":{"line":20,"column":2},"end":{"line":67,"column":3}},"9":{"start":{"line":21,"column":4},"end":{"line":21,"column":52}},"10":{"start":{"line":22,"column":42},"end":{"line":22,"column":50}},"11":{"start":{"line":24,"column":4},"end":{"line":29,"column":5}},"12":{"start":{"line":25,"column":6},"end":{"line":28,"column":9}},"13":{"start":{"line":31,"column":25},"end":{"line":31,"column":65}},"14":{"start":{"line":31,"column":44},"end":{"line":31,"column":64}},"15":{"start":{"line":32,"column":4},"end":{"line":37,"column":5}},"16":{"start":{"line":33,"column":6},"end":{"line":36,"column":9}},"17":{"start":{"line":39,"column":20},"end":{"line":45,"column":5}},"18":{"start":{"line":47,"column":4},"end":{"line":47,"column":24}},"19":{"start":{"line":49,"column":4},"end":{"line":59,"column":7}},"20":{"start":{"line":62,"column":4},"end":{"line":62,"column":48}},"21":{"start":{"line":63,"column":4},"end":{"line":66,"column":7}},"22":{"start":{"line":71,"column":0},"end":{"line":110,"column":3}},"23":{"start":{"line":72,"column":2},"end":{"line":109,"column":3}},"24":{"start":{"line":73,"column":4},"end":{"line":73,"column":49}},"25":{"start":{"line":74,"column":32},"end":{"line":74,"column":40}},"26":{"start":{"line":76,"column":4},"end":{"line":81,"column":5}},"27":{"start":{"line":77,"column":6},"end":{"line":80,"column":9}},"28":{"start":{"line":83,"column":17},"end":{"line":83,"column":78}},"29":{"start":{"line":83,"column":33},"end":{"line":83,"column":77}},"30":{"start":{"line":84,"column":4},"end":{"line":89,"column":5}},"31":{"start":{"line":85,"column":6},"end":{"line":88,"column":9}},"32":{"start":{"line":91,"column":4},"end":{"line":101,"column":7}},"33":{"start":{"line":104,"column":4},"end":{"line":104,"column":41}},"34":{"start":{"line":105,"column":4},"end":{"line":108,"column":7}},"35":{"start":{"line":113,"column":0},"end":{"line":123,"column":3}},"36":{"start":{"line":114,"column":2},"end":{"line":114,"column":43}},"37":{"start":{"line":115,"column":2},"end":{"line":122,"column":5}},"38":{"start":{"line":126,"column":0},"end":{"line":138,"column":3}},"39":{"start":{"line":127,"column":2},"end":{"line":127,"column":46}},"40":{"start":{"line":128,"column":2},"end":{"line":137,"column":5}},"41":{"start":{"line":131,"column":29},"end":{"line":135,"column":7}},"42":{"start":{"line":141,"column":0},"end":{"line":141,"column":42}},"43":{"start":{"line":142,"column":0},"end":{"line":148,"column":3}},"44":{"start":{"line":143,"column":2},"end":{"line":147,"column":3}},"45":{"start":{"line":144,"column":19},"end":{"line":144,"column":68}},"46":{"start":{"line":145,"column":17},"end":{"line":145,"column":33}},"47":{"start":{"line":146,"column":4},"end":{"line":146,"column":54}},"48":{"start":{"line":150,"column":0},"end":{"line":150,"column":53}},"49":{"start":{"line":152,"column":0},"end":{"line":152,"column":24}}},"fnMap":{"0":{"name":"(anonymous_0)","decl":{"start":{"line":10,"column":20},"end":{"line":10,"column":21}},"loc":{"start":{"line":10,"column":34},"end":{"line":16,"column":1}},"line":10},"1":{"name":"(anonymous_1)","decl":{"start":{"line":19,"column":25},"end":{"line":19,"column":26}},"loc":{"start":{"line":19,"column":39},"end":{"line":68,"column":1}},"line":19},"2":{"name":"(anonymous_2)","decl":{"start":{"line":31,"column":36},"end":{"line":31,"column":37}},"loc":{"start":{"line":31,"column":44},"end":{"line":31,"column":64}},"line":31},"3":{"name":"(anonymous_3)","decl":{"start":{"line":71,"column":22},"end":{"line":71,"column":23}},"loc":{"start":{"line":71,"column":36},"end":{"line":110,"column":1}},"line":71},"4":{"name":"(anonymous_4)","decl":{"start":{"line":83,"column":28},"end":{"line":83,"column":29}},"loc":{"start":{"line":83,"column":33},"end":{"line":83,"column":77}},"line":83},"5":{"name":"(anonymous_5)","decl":{"start":{"line":113,"column":18},"end":{"line":113,"column":19}},"loc":{"start":{"line":113,"column":32},"end":{"line":123,"column":1}},"line":113},"6":{"name":"(anonymous_6)","decl":{"start":{"line":126,"column":21},"end":{"line":126,"column":22}},"loc":{"start":{"line":126,"column":35},"end":{"line":138,"column":1}},"line":126},"7":{"name":"(anonymous_7)","decl":{"start":{"line":131,"column":23},"end":{"line":131,"column":24}},"loc":{"start":{"line":131,"column":29},"end":{"line":135,"column":7}},"line":131},"8":{"name":"(anonymous_8)","decl":{"start":{"line":142,"column":21},"end":{"line":142,"column":22}},"loc":{"start":{"line":142,"column":39},"end":{"line":148,"column":1}},"line":142}},"branchMap":{"0":{"loc":{"start":{"line":24,"column":4},"end":{"line":29,"column":5}},"type":"if","locations":[{"start":{"line":24,"column":4},"end":{"line":29,"column":5}},{"start":{},"end":{}}],"line":24},"1":{"loc":{"start":{"line":24,"column":8},"end":{"line":24,"column":40}},"type":"binary-expr","locations":[{"start":{"line":24,"column":8},"end":{"line":24,"column":17}},{"start":{"line":24,"column":21},"end":{"line":24,"column":27}},{"start":{"line":24,"column":31},"end":{"line":24,"column":40}}],"line":24},"2":{"loc":{"start":{"line":32,"column":4},"end":{"line":37,"column":5}},"type":"if","locations":[{"start":{"line":32,"column":4},"end":{"line":37,"column":5}},{"start":{},"end":{}}],"line":32},"3":{"loc":{"start":{"line":76,"column":4},"end":{"line":81,"column":5}},"type":"if","locations":[{"start":{"line":76,"column":4},"end":{"line":81,"column":5}},{"start":{},"end":{}}],"line":76},"4":{"loc":{"start":{"line":76,"column":8},"end":{"line":76,"column":27}},"type":"binary-expr","locations":[{"start":{"line":76,"column":8},"end":{"line":76,"column":14}},{"start":{"line":76,"column":18},"end":{"line":76,"column":27}}],"line":76},"5":{"loc":{"start":{"line":83,"column":33},"end":{"line":83,"column":77}},"type":"binary-expr","locations":[{"start":{"line":83,"column":33},"end":{"line":83,"column":50}},{"start":{"line":83,"column":54},"end":{"line":83,"column":77}}],"line":83},"6":{"loc":{"start":{"line":84,"column":4},"end":{"line":89,"column":5}},"type":"if","locations":[{"start":{"line":84,"column":4},"end":{"line":89,"column":5}},{"start":{},"end":{}}],"line":84},"7":{"loc":{"start":{"line":143,"column":2},"end":{"line":147,"column":3}},"type":"if","locations":[{"start":{"line":143,"column":2},"end":{"line":147,"column":3}},{"start":{},"end":{}}],"line":143}},"s":{"0":0,"1":0,"2":0,"3":0,"4":0,"5":0,"6":0,"7":0,"8":0,"9":0,"10":0,"11":0,"12":0,"13":0,"14":0,"15":0,"16":0,"17":0,"18":0,"19":0,"20":0,"21":0,"22":0,"23":0,"24":0,"25":0,"26":0,"27":0,"28":0,"29":0,"30":0,"31":0,"32":0,"33":0,"34":0,"35":0,"36":0,"37":0,"38":0,"39":0,"40":0,"41":0,"42":0,"43":0,"44":0,"45":0,"46":0,"47":0,"48":0,"49":0},"f":{"0":0,"1":0,"2":0,"3":0,"4":0,"5":0,"6":0,"7":0,"8":0},"b":{"0":[0,0],"1":[0,0,0],"2":[0,0],"3":[0,0],"4":[0,0],"5":[0,0],"6":[0,0],"7":[0,0]}}
,"C:\\Users\\User\\Desktop\\MERN_STACK\\Bug Tracker App\\server\\src\\routes\\bugs.js": {"path":"C:\\Users\\User\\Desktop\\MERN_STACK\\Bug Tracker App\\server\\src\\routes\\bugs.js","statementMap":{"0":{"start":{"line":1,"column":16},"end":{"line":1,"column":34}},"1":{"start":{"line":2,"column":15},"end":{"line":2,"column":31}},"2":{"start":{"line":5,"column":0},"end":{"line":38,"column":3}},"3":{"start":{"line":6,"column":2},"end":{"line":37,"column":3}},"4":{"start":{"line":7,"column":4},"end":{"line":7,"column":52}},"5":{"start":{"line":10,"column":17},"end":{"line":27,"column":5}},"6":{"start":{"line":29,"column":4},"end":{"line":29,"column":51}},"7":{"start":{"line":31,"column":4},"end":{"line":31,"column":19}},"8":{"start":{"line":33,"column":4},"end":{"line":33,"column":51}},"9":{"start":{"line":34,"column":4},"end":{"line":36,"column":7}},"10":{"start":{"line":41,"column":0},"end":{"line":62,"column":3}},"11":{"start":{"line":42,"column":2},"end":{"line":61,"column":3}},"12":{"start":{"line":43,"column":4},"end":{"line":43,"column":63}},"13":{"start":{"line":45,"column":19},"end":{"line":50,"column":5}},"14":{"start":{"line":52,"column":4},"end":{"line":55,"column":7}},"15":{"start":{"line":57,"column":4},"end":{"line":57,"column":50}},"16":{"start":{"line":58,"column":4},"end":{"line":60,"column":7}},"17":{"start":{"line":64,"column":0},"end":{"line":64,"column":24}}},"fnMap":{"0":{"name":"(anonymous_0)","decl":{"start":{"line":5,"column":16},"end":{"line":5,"column":17}},"loc":{"start":{"line":5,"column":36},"end":{"line":38,"column":1}},"line":5},"1":{"name":"(anonymous_1)","decl":{"start":{"line":41,"column":17},"end":{"line":41,"column":18}},"loc":{"start":{"line":41,"column":37},"end":{"line":62,"column":1}},"line":41}},"branchMap":{},"s":{"0":1,"1":1,"2":1,"3":0,"4":0,"5":0,"6":0,"7":0,"8":0,"9":0,"10":1,"11":0,"12":0,"13":0,"14":0,"15":0,"16":0,"17":1},"f":{"0":0,"1":0},"b":{},"_coverageSchema":"1a1c01bbd47fc00a2c39e90264f33305004495a9","hash":"9585356abb64ac7f58f03adcc7fe5b2ad65eaef6"}
}
